[2026-01-13 22:48:05] Starting daily update...
[2026-01-13 22:48:05] Pulling latest changes...
[2026-01-13 22:48:21] Starting daily update...
[2026-01-13 22:48:21] Pulling latest changes...
[2026-01-13 22:48:22] Running daily_update.py...
[2026-01-13 22:48:22] Committing changes...
[2026-01-13 22:48:22] Pushing to remote...
[2026-01-13 22:48:22] Update complete!
[2026-01-13 22:52:04] Starting daily update...
[2026-01-13 22:52:04] Starting daily update...
[2026-01-13 22:52:04] Pulling latest changes...
[2026-01-13 22:52:04] Pulling latest changes...
error: cannot pull with rebase: You have unstaged changes.
error: Please commit or stash them.
[2026-01-13 22:55:03] Starting daily update...
[2026-01-13 22:55:03] Starting daily update...
[2026-01-13 22:55:03] Pulling latest changes...
[2026-01-13 22:55:03] Pulling latest changes...
Already up to date.
[2026-01-13 22:55:04] Running daily_update.py...
[2026-01-13 22:55:04] Running daily_update.py...
Added compound: Ethylene Glycol
Remaining entries in queue: 292
[2026-01-13 22:55:04] Committing changes...
[2026-01-13 22:55:04] Committing changes...
[main f9cf8aa] Daily data update - 2026-01-13
 4 files changed, 21 insertions(+), 9 deletions(-)
[2026-01-13 22:55:04] Pushing to remote...
[2026-01-13 22:55:04] Pushing to remote...
To github.com:niket-sharma/chemeng-daily-data.git
   646f371..f9cf8aa  main -> main
[2026-01-13 22:55:04] Update complete!
[2026-01-13 22:55:04] Update complete!
[2026-01-14 00:00:05] Starting daily update...
[2026-01-14 00:00:05] Starting daily update...
[2026-01-14 00:00:05] Pulling latest changes...
[2026-01-14 00:00:05] Pulling latest changes...
Already up to date.
[2026-01-14 00:00:06] Running daily_update.py...
[2026-01-14 00:00:06] Running daily_update.py...
Added compound: Propylene
Remaining entries in queue: 291
[2026-01-14 00:00:06] Committing changes...
[2026-01-14 00:00:06] Committing changes...
